<?xml version="1.0" encoding="UTF-8"?>
<!-- Generated by org.testng.reporters.JUnitXMLReporter -->
<testsuite hostname="DESKTOP-T8H87ST" ignored="1" name="Test" tests="4" failures="0" timestamp="2022-05-05T11:07:53 IST" time="0.267" errors="0">
  <testcase name="script" time="0.019" classname="testng_programs.p22"/>
  <testcase name="script1" time="0.024" classname="testng_programs.p22"/>
  <testcase name="script3" time="0.007" classname="testng_programs.p22"/>
  <testcase name="script4" time="0.006" classname="testng_programs.p22"/>
  <testcase name="script5" time="0.0" classname="testng_programs.p22">
    <ignored/>
  </testcase> <!-- script5 -->
</testsuite> <!-- Test -->
